::1 - - [2021-04-17T04:28:38.267Z] "GET /favicon.ico HTTP/1.1" 200 19 "http://localhost:4000/metrics" "Mozilla/5.0 (Macintosh; Intel Mac OS X 11_2_3) AppleWebKit/537.36 (KHTML, like Gecko) Chrome/89.0.4389.114 Safari/537.36"
::1 - - [2021-04-17T04:28:41.720Z] "GET / HTTP/1.1" 304 - "-" "Mozilla/5.0 (Macintosh; Intel Mac OS X 11_2_3) AppleWebKit/537.36 (KHTML, like Gecko) Chrome/89.0.4389.114 Safari/537.36"
::1 - - [2021-04-17T04:28:41.920Z] "GET /public/images/Spinner-1s-200px.svg HTTP/1.1" 404 173 "-" "Mozilla/5.0 (Macintosh; Intel Mac OS X 11_2_3) AppleWebKit/537.36 (KHTML, like Gecko) Chrome/89.0.4389.114 Safari/537.36"
::1 - - [2021-04-17T04:28:41.924Z] "GET /stylesheets/landing.css HTTP/1.1" 304 - "-" "Mozilla/5.0 (Macintosh; Intel Mac OS X 11_2_3) AppleWebKit/537.36 (KHTML, like Gecko) Chrome/89.0.4389.114 Safari/537.36"
::1 - - [2021-04-17T04:28:42.556Z] "GET /CPFont.ttf HTTP/1.1" 304 - "http://localhost:4000/stylesheets/landing.css" "Mozilla/5.0 (Macintosh; Intel Mac OS X 11_2_3) AppleWebKit/537.36 (KHTML, like Gecko) Chrome/89.0.4389.114 Safari/537.36"
::1 - - [2021-04-17T04:28:42.696Z] "GET /favicon.png HTTP/1.1" 304 - "-" "Mozilla/5.0 (Macintosh; Intel Mac OS X 11_2_3) AppleWebKit/537.36 (KHTML, like Gecko) Chrome/89.0.4389.114 Safari/537.36"
::1 - - [2021-04-17T04:28:43.688Z] "GET /map HTTP/1.1" 200 21739 "-" "Mozilla/5.0 (Macintosh; Intel Mac OS X 11_2_3) AppleWebKit/537.36 (KHTML, like Gecko) Chrome/89.0.4389.114 Safari/537.36"
::1 - - [2021-04-17T04:28:43.955Z] "GET /stylesheets/map.css HTTP/1.1" 304 - "-" "Mozilla/5.0 (Macintosh; Intel Mac OS X 11_2_3) AppleWebKit/537.36 (KHTML, like Gecko) Chrome/89.0.4389.114 Safari/537.36"
::1 - - [2021-04-17T04:28:43.957Z] "GET /stylesheets/main.css HTTP/1.1" 304 - "-" "Mozilla/5.0 (Macintosh; Intel Mac OS X 11_2_3) AppleWebKit/537.36 (KHTML, like Gecko) Chrome/89.0.4389.114 Safari/537.36"
::1 - - [2021-04-17T04:28:44.003Z] "GET /images/ramen.png HTTP/1.1" 304 - "-" "Mozilla/5.0 (Macintosh; Intel Mac OS X 11_2_3) AppleWebKit/537.36 (KHTML, like Gecko) Chrome/89.0.4389.114 Safari/537.36"
::1 - - [2021-04-17T04:28:44.046Z] "GET /images/tutorial1.png HTTP/1.1" 304 - "-" "Mozilla/5.0 (Macintosh; Intel Mac OS X 11_2_3) AppleWebKit/537.36 (KHTML, like Gecko) Chrome/89.0.4389.114 Safari/537.36"
::1 - - [2021-04-17T04:28:44.047Z] "GET /images/tutorial4.png HTTP/1.1" 304 - "-" "Mozilla/5.0 (Macintosh; Intel Mac OS X 11_2_3) AppleWebKit/537.36 (KHTML, like Gecko) Chrome/89.0.4389.114 Safari/537.36"
::1 - - [2021-04-17T04:28:44.048Z] "GET /images/tutorial2.png HTTP/1.1" 304 - "-" "Mozilla/5.0 (Macintosh; Intel Mac OS X 11_2_3) AppleWebKit/537.36 (KHTML, like Gecko) Chrome/89.0.4389.114 Safari/537.36"
::1 - - [2021-04-17T04:28:44.050Z] "GET /images/tutorial3.png HTTP/1.1" 304 - "-" "Mozilla/5.0 (Macintosh; Intel Mac OS X 11_2_3) AppleWebKit/537.36 (KHTML, like Gecko) Chrome/89.0.4389.114 Safari/537.36"
::1 - - [2021-04-17T04:28:44.247Z] "GET /JFOpen.ttf HTTP/1.1" 304 - "http://localhost:4000/stylesheets/main.css" "Mozilla/5.0 (Macintosh; Intel Mac OS X 11_2_3) AppleWebKit/537.36 (KHTML, like Gecko) Chrome/89.0.4389.114 Safari/537.36"
::1 - - [2021-04-17T04:28:45.494Z] "GET /stores HTTP/1.1" 200 34506 "-" "Mozilla/5.0 (Macintosh; Intel Mac OS X 11_2_3) AppleWebKit/537.36 (KHTML, like Gecko) Chrome/89.0.4389.114 Safari/537.36"
::1 - - [2021-04-17T04:28:45.922Z] "GET /stylesheets/main.css HTTP/1.1" 304 - "-" "Mozilla/5.0 (Macintosh; Intel Mac OS X 11_2_3) AppleWebKit/537.36 (KHTML, like Gecko) Chrome/89.0.4389.114 Safari/537.36"
::1 - - [2021-04-17T04:28:46.007Z] "GET /stylesheets/store-index.css HTTP/1.1" 304 - "-" "Mozilla/5.0 (Macintosh; Intel Mac OS X 11_2_3) AppleWebKit/537.36 (KHTML, like Gecko) Chrome/89.0.4389.114 Safari/537.36"
::1 - - [2021-04-17T04:28:46.018Z] "GET /stylesheets/rating-show.css HTTP/1.1" 304 - "-" "Mozilla/5.0 (Macintosh; Intel Mac OS X 11_2_3) AppleWebKit/537.36 (KHTML, like Gecko) Chrome/89.0.4389.114 Safari/537.36"
::1 - - [2021-04-17T04:28:46.028Z] "GET /images/ramen.png HTTP/1.1" 304 - "-" "Mozilla/5.0 (Macintosh; Intel Mac OS X 11_2_3) AppleWebKit/537.36 (KHTML, like Gecko) Chrome/89.0.4389.114 Safari/537.36"
::1 - - [2021-04-17T04:28:46.072Z] "GET /JFOpen.ttf HTTP/1.1" 304 - "http://localhost:4000/stylesheets/main.css" "Mozilla/5.0 (Macintosh; Intel Mac OS X 11_2_3) AppleWebKit/537.36 (KHTML, like Gecko) Chrome/89.0.4389.114 Safari/537.36"
::1 - - [2021-04-17T04:28:46.178Z] "GET /images/ramen.svg HTTP/1.1" 304 - "http://localhost:4000/stylesheets/main.css" "Mozilla/5.0 (Macintosh; Intel Mac OS X 11_2_3) AppleWebKit/537.36 (KHTML, like Gecko) Chrome/89.0.4389.114 Safari/537.36"
::1 - - [2021-04-17T04:28:48.033Z] "GET /stores/5f477e5bee24401e3c8d2036 HTTP/1.1" 200 21389 "-" "Mozilla/5.0 (Macintosh; Intel Mac OS X 11_2_3) AppleWebKit/537.36 (KHTML, like Gecko) Chrome/89.0.4389.114 Safari/537.36"
::1 - - [2021-04-17T04:28:48.264Z] "GET /stylesheets/main.css HTTP/1.1" 304 - "-" "Mozilla/5.0 (Macintosh; Intel Mac OS X 11_2_3) AppleWebKit/537.36 (KHTML, like Gecko) Chrome/89.0.4389.114 Safari/537.36"
::1 - - [2021-04-17T04:28:48.303Z] "GET /stylesheets/rating-show.css HTTP/1.1" 304 - "-" "Mozilla/5.0 (Macintosh; Intel Mac OS X 11_2_3) AppleWebKit/537.36 (KHTML, like Gecko) Chrome/89.0.4389.114 Safari/537.36"
::1 - - [2021-04-17T04:28:48.311Z] "GET /stylesheets/comment-grid.css HTTP/1.1" 304 - "-" "Mozilla/5.0 (Macintosh; Intel Mac OS X 11_2_3) AppleWebKit/537.36 (KHTML, like Gecko) Chrome/89.0.4389.114 Safari/537.36"
::1 - - [2021-04-17T04:28:48.327Z] "GET /stylesheets/review-grid.css HTTP/1.1" 304 - "-" "Mozilla/5.0 (Macintosh; Intel Mac OS X 11_2_3) AppleWebKit/537.36 (KHTML, like Gecko) Chrome/89.0.4389.114 Safari/537.36"
::1 - - [2021-04-17T04:28:48.328Z] "GET /images/ramen.png HTTP/1.1" 304 - "-" "Mozilla/5.0 (Macintosh; Intel Mac OS X 11_2_3) AppleWebKit/537.36 (KHTML, like Gecko) Chrome/89.0.4389.114 Safari/537.36"
::1 - - [2021-04-17T04:28:48.531Z] "GET /JFOpen.ttf HTTP/1.1" 304 - "http://localhost:4000/stylesheets/main.css" "Mozilla/5.0 (Macintosh; Intel Mac OS X 11_2_3) AppleWebKit/537.36 (KHTML, like Gecko) Chrome/89.0.4389.114 Safari/537.36"
::1 - - [2021-04-17T04:29:52.066Z] "GET /stores/5f477e5bee24401e3c8d2036 HTTP/1.1" 304 - "-" "Mozilla/5.0 (Macintosh; Intel Mac OS X 11_2_3) AppleWebKit/537.36 (KHTML, like Gecko) Chrome/89.0.4389.114 Safari/537.36"
::1 - - [2021-04-17T04:29:52.294Z] "GET /stylesheets/main.css HTTP/1.1" 304 - "-" "Mozilla/5.0 (Macintosh; Intel Mac OS X 11_2_3) AppleWebKit/537.36 (KHTML, like Gecko) Chrome/89.0.4389.114 Safari/537.36"
::1 - - [2021-04-17T04:29:52.356Z] "GET /stylesheets/rating-show.css HTTP/1.1" 304 - "-" "Mozilla/5.0 (Macintosh; Intel Mac OS X 11_2_3) AppleWebKit/537.36 (KHTML, like Gecko) Chrome/89.0.4389.114 Safari/537.36"
::1 - - [2021-04-17T04:29:52.366Z] "GET /stylesheets/comment-grid.css HTTP/1.1" 304 - "-" "Mozilla/5.0 (Macintosh; Intel Mac OS X 11_2_3) AppleWebKit/537.36 (KHTML, like Gecko) Chrome/89.0.4389.114 Safari/537.36"
::1 - - [2021-04-17T04:29:52.366Z] "GET /stylesheets/review-grid.css HTTP/1.1" 304 - "-" "Mozilla/5.0 (Macintosh; Intel Mac OS X 11_2_3) AppleWebKit/537.36 (KHTML, like Gecko) Chrome/89.0.4389.114 Safari/537.36"
::1 - - [2021-04-17T04:29:52.367Z] "GET /images/ramen.png HTTP/1.1" 304 - "-" "Mozilla/5.0 (Macintosh; Intel Mac OS X 11_2_3) AppleWebKit/537.36 (KHTML, like Gecko) Chrome/89.0.4389.114 Safari/537.36"
::1 - - [2021-04-17T04:29:52.537Z] "GET /JFOpen.ttf HTTP/1.1" 304 - "http://localhost:4000/stylesheets/main.css" "Mozilla/5.0 (Macintosh; Intel Mac OS X 11_2_3) AppleWebKit/537.36 (KHTML, like Gecko) Chrome/89.0.4389.114 Safari/537.36"
::1 - - [2021-04-17T04:29:52.812Z] "GET /favicon.png HTTP/1.1" 200 1587 "-" "Mozilla/5.0 (Macintosh; Intel Mac OS X 11_2_3) AppleWebKit/537.36 (KHTML, like Gecko) Chrome/89.0.4389.114 Safari/537.36"
::1 - - [2021-04-17T04:29:53.214Z] "GET /stores HTTP/1.1" 304 - "-" "Mozilla/5.0 (Macintosh; Intel Mac OS X 11_2_3) AppleWebKit/537.36 (KHTML, like Gecko) Chrome/89.0.4389.114 Safari/537.36"
::1 - - [2021-04-17T04:29:53.514Z] "GET /stylesheets/main.css HTTP/1.1" 304 - "-" "Mozilla/5.0 (Macintosh; Intel Mac OS X 11_2_3) AppleWebKit/537.36 (KHTML, like Gecko) Chrome/89.0.4389.114 Safari/537.36"
::1 - - [2021-04-17T04:29:53.545Z] "GET /stylesheets/rating-show.css HTTP/1.1" 304 - "-" "Mozilla/5.0 (Macintosh; Intel Mac OS X 11_2_3) AppleWebKit/537.36 (KHTML, like Gecko) Chrome/89.0.4389.114 Safari/537.36"
::1 - - [2021-04-17T04:29:53.546Z] "GET /stylesheets/store-index.css HTTP/1.1" 304 - "-" "Mozilla/5.0 (Macintosh; Intel Mac OS X 11_2_3) AppleWebKit/537.36 (KHTML, like Gecko) Chrome/89.0.4389.114 Safari/537.36"
::1 - - [2021-04-17T04:29:53.573Z] "GET /images/ramen.png HTTP/1.1" 304 - "-" "Mozilla/5.0 (Macintosh; Intel Mac OS X 11_2_3) AppleWebKit/537.36 (KHTML, like Gecko) Chrome/89.0.4389.114 Safari/537.36"
::1 - - [2021-04-17T04:29:53.610Z] "GET /JFOpen.ttf HTTP/1.1" 304 - "http://localhost:4000/stylesheets/main.css" "Mozilla/5.0 (Macintosh; Intel Mac OS X 11_2_3) AppleWebKit/537.36 (KHTML, like Gecko) Chrome/89.0.4389.114 Safari/537.36"
::1 - - [2021-04-17T04:29:53.811Z] "GET /images/ramen.svg HTTP/1.1" 304 - "http://localhost:4000/stylesheets/main.css" "Mozilla/5.0 (Macintosh; Intel Mac OS X 11_2_3) AppleWebKit/537.36 (KHTML, like Gecko) Chrome/89.0.4389.114 Safari/537.36"
::1 - - [2021-04-17T04:29:54.498Z] "GET /users/login HTTP/1.1" 304 - "-" "Mozilla/5.0 (Macintosh; Intel Mac OS X 11_2_3) AppleWebKit/537.36 (KHTML, like Gecko) Chrome/89.0.4389.114 Safari/537.36"
::1 - - [2021-04-17T04:29:54.763Z] "GET /stylesheets/main.css HTTP/1.1" 304 - "-" "Mozilla/5.0 (Macintosh; Intel Mac OS X 11_2_3) AppleWebKit/537.36 (KHTML, like Gecko) Chrome/89.0.4389.114 Safari/537.36"
::1 - - [2021-04-17T04:29:54.963Z] "GET /images/ramen.png HTTP/1.1" 304 - "-" "Mozilla/5.0 (Macintosh; Intel Mac OS X 11_2_3) AppleWebKit/537.36 (KHTML, like Gecko) Chrome/89.0.4389.114 Safari/537.36"
::1 - - [2021-04-17T04:29:54.969Z] "GET /public/images/Spinner-1s-200px.svg HTTP/1.1" 404 173 "-" "Mozilla/5.0 (Macintosh; Intel Mac OS X 11_2_3) AppleWebKit/537.36 (KHTML, like Gecko) Chrome/89.0.4389.114 Safari/537.36"
::1 - - [2021-04-17T04:29:55.000Z] "GET /JFOpen.ttf HTTP/1.1" 304 - "http://localhost:4000/stylesheets/main.css" "Mozilla/5.0 (Macintosh; Intel Mac OS X 11_2_3) AppleWebKit/537.36 (KHTML, like Gecko) Chrome/89.0.4389.114 Safari/537.36"
::1 - - [2021-04-17T04:29:56.060Z] "GET /auth/facebook HTTP/1.1" 302 0 "-" "Mozilla/5.0 (Macintosh; Intel Mac OS X 11_2_3) AppleWebKit/537.36 (KHTML, like Gecko) Chrome/89.0.4389.114 Safari/537.36"
::1 - - [2021-04-17T04:29:57.064Z] "GET /auth/facebook/callback?code=AQB_eOlEgC4sYEsJfR8HqOSesCjEH14YrifRurNnvbbZnkYuH4GsV_O1TbPAjo7HEe8zQh296IJZKhU8Nmnqz62H-Fakq8JZbiGsSD2k9UGi5lzrf26TGiyVP1hhIUDM_ukGfaPCI270mDwbXpXqynpFDRYWi0HFrJhCdCEP7hCds9iupouF2plEBiKetnXXy36aB3lPzhg4bM9EtGhlL1IFqyVwOEHZiu0j_ez3EjSHx7Kww-X38fiO1LLNYEewLIi_hJoP3mojto-QWe36XP-08Tube3c8C4Qys73bIydIoA4F_ieCcF_9PRVmqChQznm2eZqEVc-bKGHt4KPqDrh_ HTTP/1.1" 302 52 "-" "Mozilla/5.0 (Macintosh; Intel Mac OS X 11_2_3) AppleWebKit/537.36 (KHTML, like Gecko) Chrome/89.0.4389.114 Safari/537.36"
::1 - - [2021-04-17T04:29:57.087Z] "GET /map HTTP/1.1" 200 22536 "-" "Mozilla/5.0 (Macintosh; Intel Mac OS X 11_2_3) AppleWebKit/537.36 (KHTML, like Gecko) Chrome/89.0.4389.114 Safari/537.36"
::1 - - [2021-04-17T04:29:57.465Z] "GET /stylesheets/map.css HTTP/1.1" 304 - "-" "Mozilla/5.0 (Macintosh; Intel Mac OS X 11_2_3) AppleWebKit/537.36 (KHTML, like Gecko) Chrome/89.0.4389.114 Safari/537.36"
::1 - - [2021-04-17T04:29:57.466Z] "GET /stylesheets/main.css HTTP/1.1" 304 - "-" "Mozilla/5.0 (Macintosh; Intel Mac OS X 11_2_3) AppleWebKit/537.36 (KHTML, like Gecko) Chrome/89.0.4389.114 Safari/537.36"
::1 - - [2021-04-17T04:29:57.518Z] "GET /images/ramen.png HTTP/1.1" 304 - "-" "Mozilla/5.0 (Macintosh; Intel Mac OS X 11_2_3) AppleWebKit/537.36 (KHTML, like Gecko) Chrome/89.0.4389.114 Safari/537.36"
::1 - - [2021-04-17T04:29:57.522Z] "GET /images/tutorial1.png HTTP/1.1" 304 - "-" "Mozilla/5.0 (Macintosh; Intel Mac OS X 11_2_3) AppleWebKit/537.36 (KHTML, like Gecko) Chrome/89.0.4389.114 Safari/537.36"
::1 - - [2021-04-17T04:29:57.523Z] "GET /images/tutorial2.png HTTP/1.1" 304 - "-" "Mozilla/5.0 (Macintosh; Intel Mac OS X 11_2_3) AppleWebKit/537.36 (KHTML, like Gecko) Chrome/89.0.4389.114 Safari/537.36"
::1 - - [2021-04-17T04:29:57.526Z] "GET /images/tutorial3.png HTTP/1.1" 304 - "-" "Mozilla/5.0 (Macintosh; Intel Mac OS X 11_2_3) AppleWebKit/537.36 (KHTML, like Gecko) Chrome/89.0.4389.114 Safari/537.36"
::1 - - [2021-04-17T04:29:57.527Z] "GET /images/tutorial4.png HTTP/1.1" 304 - "-" "Mozilla/5.0 (Macintosh; Intel Mac OS X 11_2_3) AppleWebKit/537.36 (KHTML, like Gecko) Chrome/89.0.4389.114 Safari/537.36"
::1 - - [2021-04-17T04:31:12.362Z] "GET /api/map/get-store?W=121.50432586669922&S=25.039872616990966&E=121.53127670288086&N=25.052139236478443 HTTP/1.1" 404 156 "-" "Mozilla/5.0 (Macintosh; Intel Mac OS X 11_2_3) AppleWebKit/537.36 (KHTML, like Gecko) Chrome/89.0.4389.114 Safari/537.36"
